{"C:\\Users\\Dan\\Documents\\alchemy\\career-track\\labs\\lab-14-auth\\lib\\app.js": {"path":"C:\\Users\\Dan\\Documents\\alchemy\\career-track\\labs\\lab-14-auth\\lib\\app.js","statementMap":{"0":{"start":{"line":1,"column":16},"end":{"line":1,"column":34}},"1":{"start":{"line":2,"column":12},"end":{"line":2,"column":21}},"2":{"start":{"line":4,"column":0},"end":{"line":4,"column":24}},"3":{"start":{"line":6,"column":0},"end":{"line":6,"column":50}},"4":{"start":{"line":8,"column":0},"end":{"line":8,"column":43}},"5":{"start":{"line":9,"column":0},"end":{"line":9,"column":39}},"6":{"start":{"line":11,"column":0},"end":{"line":11,"column":21}}},"fnMap":{},"branchMap":{},"s":{"0":1,"1":1,"2":1,"3":1,"4":1,"5":1,"6":1},"f":{},"b":{},"_coverageSchema":"43e27e138ebf9cfc5966b082cf9a028302ed4184","hash":"3e441dad14a9d1b296eceed9660158434d362a46"}
,"C:\\Users\\Dan\\Documents\\alchemy\\career-track\\labs\\lab-14-auth\\lib\\middleware\\error.js": {"path":"C:\\Users\\Dan\\Documents\\alchemy\\career-track\\labs\\lab-14-auth\\lib\\middleware\\error.js","statementMap":{"0":{"start":{"line":1,"column":17},"end":{"line":1,"column":36}},"1":{"start":{"line":4,"column":0},"end":{"line":20,"column":2}},"2":{"start":{"line":5,"column":15},"end":{"line":5,"column":32}},"3":{"start":{"line":7,"column":2},"end":{"line":10,"column":3}},"4":{"start":{"line":9,"column":4},"end":{"line":9,"column":17}},"5":{"start":{"line":12,"column":2},"end":{"line":12,"column":21}},"6":{"start":{"line":14,"column":2},"end":{"line":14,"column":19}},"7":{"start":{"line":16,"column":2},"end":{"line":19,"column":5}}},"fnMap":{"0":{"name":"(anonymous_0)","decl":{"start":{"line":4,"column":17},"end":{"line":4,"column":18}},"loc":{"start":{"line":4,"column":42},"end":{"line":20,"column":1}},"line":4}},"branchMap":{"0":{"loc":{"start":{"line":5,"column":15},"end":{"line":5,"column":32}},"type":"binary-expr","locations":[{"start":{"line":5,"column":15},"end":{"line":5,"column":25}},{"start":{"line":5,"column":29},"end":{"line":5,"column":32}}],"line":5},"1":{"loc":{"start":{"line":7,"column":2},"end":{"line":10,"column":3}},"type":"if","locations":[{"start":{"line":7,"column":2},"end":{"line":10,"column":3}},{"start":{"line":7,"column":2},"end":{"line":10,"column":3}}],"line":7},"2":{"loc":{"start":{"line":7,"column":5},"end":{"line":8,"column":43}},"type":"binary-expr","locations":[{"start":{"line":7,"column":5},"end":{"line":7,"column":50}},{"start":{"line":8,"column":4},"end":{"line":8,"column":43}}],"line":7}},"s":{"0":1,"1":1,"2":0,"3":0,"4":0,"5":0,"6":0,"7":0},"f":{"0":0},"b":{"0":[0,0],"1":[0,0],"2":[0,0]},"_coverageSchema":"43e27e138ebf9cfc5966b082cf9a028302ed4184","hash":"2400581b70b33a75d75148cb953006e430c9d160"}
,"C:\\Users\\Dan\\Documents\\alchemy\\career-track\\labs\\lab-14-auth\\lib\\middleware\\not-found.js": {"path":"C:\\Users\\Dan\\Documents\\alchemy\\career-track\\labs\\lab-14-auth\\lib\\middleware\\not-found.js","statementMap":{"0":{"start":{"line":1,"column":0},"end":{"line":5,"column":2}},"1":{"start":{"line":2,"column":14},"end":{"line":2,"column":36}},"2":{"start":{"line":3,"column":2},"end":{"line":3,"column":19}},"3":{"start":{"line":4,"column":2},"end":{"line":4,"column":12}}},"fnMap":{"0":{"name":"(anonymous_0)","decl":{"start":{"line":1,"column":17},"end":{"line":1,"column":18}},"loc":{"start":{"line":1,"column":37},"end":{"line":5,"column":1}},"line":1}},"branchMap":{},"s":{"0":1,"1":0,"2":0,"3":0},"f":{"0":0},"b":{},"_coverageSchema":"43e27e138ebf9cfc5966b082cf9a028302ed4184","hash":"768a8759b53984abccca9d4ada9b4ee98fc5db41"}
,"C:\\Users\\Dan\\Documents\\alchemy\\career-track\\labs\\lab-14-auth\\lib\\models\\User.js": {"path":"C:\\Users\\Dan\\Documents\\alchemy\\career-track\\labs\\lab-14-auth\\lib\\models\\User.js","statementMap":{"0":{"start":{"line":1,"column":17},"end":{"line":1,"column":36}},"1":{"start":{"line":2,"column":15},"end":{"line":2,"column":34}},"2":{"start":{"line":3,"column":12},"end":{"line":3,"column":35}},"3":{"start":{"line":5,"column":15},"end":{"line":24,"column":2}},"4":{"start":{"line":21,"column":6},"end":{"line":21,"column":30}},"5":{"start":{"line":26,"column":0},"end":{"line":28,"column":3}},"6":{"start":{"line":27,"column":2},"end":{"line":27,"column":52}},"7":{"start":{"line":30,"column":0},"end":{"line":46,"column":2}},"8":{"start":{"line":31,"column":15},"end":{"line":31,"column":40}},"9":{"start":{"line":32,"column":2},"end":{"line":36,"column":3}},"10":{"start":{"line":33,"column":16},"end":{"line":33,"column":54}},"11":{"start":{"line":34,"column":4},"end":{"line":34,"column":21}},"12":{"start":{"line":35,"column":4},"end":{"line":35,"column":14}},"13":{"start":{"line":38,"column":24},"end":{"line":38,"column":71}},"14":{"start":{"line":39,"column":2},"end":{"line":43,"column":3}},"15":{"start":{"line":40,"column":16},"end":{"line":40,"column":54}},"16":{"start":{"line":41,"column":4},"end":{"line":41,"column":21}},"17":{"start":{"line":42,"column":4},"end":{"line":42,"column":14}},"18":{"start":{"line":45,"column":2},"end":{"line":45,"column":14}},"19":{"start":{"line":48,"column":0},"end":{"line":52,"column":2}},"20":{"start":{"line":49,"column":2},"end":{"line":51,"column":5}},"21":{"start":{"line":54,"column":0},"end":{"line":54,"column":48}}},"fnMap":{"0":{"name":"(anonymous_0)","decl":{"start":{"line":20,"column":15},"end":{"line":20,"column":16}},"loc":{"start":{"line":20,"column":29},"end":{"line":22,"column":5}},"line":20},"1":{"name":"(anonymous_1)","decl":{"start":{"line":26,"column":31},"end":{"line":26,"column":32}},"loc":{"start":{"line":26,"column":49},"end":{"line":28,"column":1}},"line":26},"2":{"name":"(anonymous_2)","decl":{"start":{"line":30,"column":30},"end":{"line":30,"column":31}},"loc":{"start":{"line":30,"column":66},"end":{"line":46,"column":1}},"line":30},"3":{"name":"(anonymous_3)","decl":{"start":{"line":48,"column":27},"end":{"line":48,"column":28}},"loc":{"start":{"line":48,"column":37},"end":{"line":52,"column":1}},"line":48}},"branchMap":{"0":{"loc":{"start":{"line":32,"column":2},"end":{"line":36,"column":3}},"type":"if","locations":[{"start":{"line":32,"column":2},"end":{"line":36,"column":3}},{"start":{"line":32,"column":2},"end":{"line":36,"column":3}}],"line":32},"1":{"loc":{"start":{"line":39,"column":2},"end":{"line":43,"column":3}},"type":"if","locations":[{"start":{"line":39,"column":2},"end":{"line":43,"column":3}},{"start":{"line":39,"column":2},"end":{"line":43,"column":3}}],"line":39}},"s":{"0":1,"1":1,"2":1,"3":1,"4":1,"5":1,"6":1,"7":1,"8":0,"9":0,"10":0,"11":0,"12":0,"13":0,"14":0,"15":0,"16":0,"17":0,"18":0,"19":1,"20":0,"21":1},"f":{"0":1,"1":1,"2":0,"3":0},"b":{"0":[0,0],"1":[0,0]},"_coverageSchema":"43e27e138ebf9cfc5966b082cf9a028302ed4184","hash":"e1203827bc7a44b0731ba0d7fdd7d9eb5e280e84"}
,"C:\\Users\\Dan\\Documents\\alchemy\\career-track\\labs\\lab-14-auth\\lib\\routes\\auth.js": {"path":"C:\\Users\\Dan\\Documents\\alchemy\\career-track\\labs\\lab-14-auth\\lib\\routes\\auth.js","statementMap":{"0":{"start":{"line":1,"column":19},"end":{"line":1,"column":37}},"1":{"start":{"line":2,"column":13},"end":{"line":2,"column":38}},"2":{"start":{"line":4,"column":0},"end":{"line":10,"column":4}},"3":{"start":{"line":6,"column":4},"end":{"line":9,"column":19}},"4":{"start":{"line":8,"column":20},"end":{"line":8,"column":34}}},"fnMap":{"0":{"name":"(anonymous_0)","decl":{"start":{"line":5,"column":19},"end":{"line":5,"column":20}},"loc":{"start":{"line":5,"column":39},"end":{"line":10,"column":3}},"line":5},"1":{"name":"(anonymous_1)","decl":{"start":{"line":8,"column":12},"end":{"line":8,"column":13}},"loc":{"start":{"line":8,"column":20},"end":{"line":8,"column":34}},"line":8}},"branchMap":{},"s":{"0":1,"1":1,"2":1,"3":1,"4":1},"f":{"0":1,"1":1},"b":{},"_coverageSchema":"43e27e138ebf9cfc5966b082cf9a028302ed4184","hash":"b571bd2982115b6cffce1267fbaf270fc1b0d54d"}
,"C:\\Users\\Dan\\Documents\\alchemy\\career-track\\labs\\lab-14-auth\\lib\\utils\\connect.js": {"path":"C:\\Users\\Dan\\Documents\\alchemy\\career-track\\labs\\lab-14-auth\\lib\\utils\\connect.js","statementMap":{"0":{"start":{"line":1,"column":17},"end":{"line":1,"column":36}},"1":{"start":{"line":2,"column":18},"end":{"line":2,"column":32}},"2":{"start":{"line":4,"column":0},"end":{"line":25,"column":2}},"3":{"start":{"line":5,"column":2},"end":{"line":10,"column":5}},"4":{"start":{"line":12,"column":2},"end":{"line":16,"column":5}},"5":{"start":{"line":13,"column":22},"end":{"line":13,"column":32}},"6":{"start":{"line":14,"column":24},"end":{"line":14,"column":109}},"7":{"start":{"line":15,"column":4},"end":{"line":15,"column":58}},"8":{"start":{"line":18,"column":2},"end":{"line":20,"column":5}},"9":{"start":{"line":19,"column":4},"end":{"line":19,"column":45}},"10":{"start":{"line":22,"column":2},"end":{"line":24,"column":5}},"11":{"start":{"line":23,"column":4},"end":{"line":23,"column":47}}},"fnMap":{"0":{"name":"(anonymous_0)","decl":{"start":{"line":4,"column":17},"end":{"line":4,"column":18}},"loc":{"start":{"line":4,"column":52},"end":{"line":25,"column":1}},"line":4},"1":{"name":"(anonymous_1)","decl":{"start":{"line":12,"column":38},"end":{"line":12,"column":39}},"loc":{"start":{"line":12,"column":44},"end":{"line":16,"column":3}},"line":12},"2":{"name":"(anonymous_2)","decl":{"start":{"line":18,"column":41},"end":{"line":18,"column":42}},"loc":{"start":{"line":18,"column":47},"end":{"line":20,"column":3}},"line":18},"3":{"name":"(anonymous_3)","decl":{"start":{"line":22,"column":34},"end":{"line":22,"column":35}},"loc":{"start":{"line":22,"column":40},"end":{"line":24,"column":3}},"line":22}},"branchMap":{"0":{"loc":{"start":{"line":4,"column":18},"end":{"line":4,"column":47}},"type":"default-arg","locations":[{"start":{"line":4,"column":24},"end":{"line":4,"column":47}}],"line":4}},"s":{"0":1,"1":1,"2":1,"3":1,"4":1,"5":1,"6":1,"7":1,"8":1,"9":1,"10":1,"11":0},"f":{"0":1,"1":1,"2":1,"3":0},"b":{"0":[1]},"_coverageSchema":"43e27e138ebf9cfc5966b082cf9a028302ed4184","hash":"041c58b899b811008aec15bf5379d338e4e544a9"}
}
